0 info it worked if it ends with ok
1 verbose cli [ '/usr/bin/node', '/usr/bin/npm', 'install', '--unsafe-perm' ]
2 info using npm@2.15.11
3 info using node@v4.9.1
4 verbose readDependencies loading dependencies from /var/www/sites/package.json
5 verbose install where, deps [ '/var/www/sites',
5 verbose install   [ 'laravel-elixir', 'bootstrap-sass', 'gulp' ] ]
6 verbose install where, peers [ '/var/www/sites', [] ]
7 verbose installManyTop reading for lifecycle /var/www/sites/package.json
8 info preinstall @
9 verbose readDependencies loading dependencies from /var/www/sites/package.json
10 silly cache add args [ 'laravel-elixir@^4.0.0', null ]
11 verbose cache add spec laravel-elixir@^4.0.0
12 silly cache add args [ 'bootstrap-sass@^3.0.0', null ]
13 verbose cache add spec bootstrap-sass@^3.0.0
14 silly cache add parsed spec Result {
14 silly cache add   raw: 'laravel-elixir@^4.0.0',
14 silly cache add   scope: null,
14 silly cache add   name: 'laravel-elixir',
14 silly cache add   rawSpec: '^4.0.0',
14 silly cache add   spec: '>=4.0.0 <5.0.0',
14 silly cache add   type: 'range' }
15 silly addNamed laravel-elixir@>=4.0.0 <5.0.0
16 verbose addNamed ">=4.0.0 <5.0.0" is a valid semver range for laravel-elixir
17 silly addNameRange { name: 'laravel-elixir',
17 silly addNameRange   range: '>=4.0.0 <5.0.0',
17 silly addNameRange   hasData: false }
18 silly mapToRegistry name laravel-elixir
19 silly mapToRegistry using default registry
20 silly mapToRegistry registry https://registry.npmjs.org/
21 silly mapToRegistry data Result {
21 silly mapToRegistry   raw: 'laravel-elixir',
21 silly mapToRegistry   scope: null,
21 silly mapToRegistry   name: 'laravel-elixir',
21 silly mapToRegistry   rawSpec: '',
21 silly mapToRegistry   spec: 'latest',
21 silly mapToRegistry   type: 'tag' }
22 silly mapToRegistry uri https://registry.npmjs.org/laravel-elixir
23 verbose addNameRange registry:https://registry.npmjs.org/laravel-elixir not in flight; fetching
24 silly cache add parsed spec Result {
24 silly cache add   raw: 'bootstrap-sass@^3.0.0',
24 silly cache add   scope: null,
24 silly cache add   name: 'bootstrap-sass',
24 silly cache add   rawSpec: '^3.0.0',
24 silly cache add   spec: '>=3.0.0 <4.0.0',
24 silly cache add   type: 'range' }
25 silly addNamed bootstrap-sass@>=3.0.0 <4.0.0
26 verbose addNamed ">=3.0.0 <4.0.0" is a valid semver range for bootstrap-sass
27 silly addNameRange { name: 'bootstrap-sass',
27 silly addNameRange   range: '>=3.0.0 <4.0.0',
27 silly addNameRange   hasData: false }
28 silly mapToRegistry name bootstrap-sass
29 silly mapToRegistry using default registry
30 silly mapToRegistry registry https://registry.npmjs.org/
31 silly mapToRegistry data Result {
31 silly mapToRegistry   raw: 'bootstrap-sass',
31 silly mapToRegistry   scope: null,
31 silly mapToRegistry   name: 'bootstrap-sass',
31 silly mapToRegistry   rawSpec: '',
31 silly mapToRegistry   spec: 'latest',
31 silly mapToRegistry   type: 'tag' }
32 silly mapToRegistry uri https://registry.npmjs.org/bootstrap-sass
33 verbose addNameRange registry:https://registry.npmjs.org/bootstrap-sass not in flight; fetching
34 silly cache add args [ 'gulp@^3.8.8', null ]
35 verbose cache add spec gulp@^3.8.8
36 silly cache add parsed spec Result {
36 silly cache add   raw: 'gulp@^3.8.8',
36 silly cache add   scope: null,
36 silly cache add   name: 'gulp',
36 silly cache add   rawSpec: '^3.8.8',
36 silly cache add   spec: '>=3.8.8 <4.0.0',
36 silly cache add   type: 'range' }
37 silly addNamed gulp@>=3.8.8 <4.0.0
38 verbose addNamed ">=3.8.8 <4.0.0" is a valid semver range for gulp
39 silly addNameRange { name: 'gulp', range: '>=3.8.8 <4.0.0', hasData: false }
40 silly mapToRegistry name gulp
41 silly mapToRegistry using default registry
42 silly mapToRegistry registry https://registry.npmjs.org/
43 silly mapToRegistry data Result {
43 silly mapToRegistry   raw: 'gulp',
43 silly mapToRegistry   scope: null,
43 silly mapToRegistry   name: 'gulp',
43 silly mapToRegistry   rawSpec: '',
43 silly mapToRegistry   spec: 'latest',
43 silly mapToRegistry   type: 'tag' }
44 silly mapToRegistry uri https://registry.npmjs.org/gulp
45 verbose addNameRange registry:https://registry.npmjs.org/gulp not in flight; fetching
46 verbose request uri https://registry.npmjs.org/laravel-elixir
47 verbose request no auth needed
48 info attempt registry request try #1 at 6:48:27 AM
49 verbose request id b289d4936ff36955
50 http request GET https://registry.npmjs.org/laravel-elixir
51 verbose request uri https://registry.npmjs.org/bootstrap-sass
52 verbose request no auth needed
53 info attempt registry request try #1 at 6:48:27 AM
54 http request GET https://registry.npmjs.org/bootstrap-sass
55 verbose request uri https://registry.npmjs.org/gulp
56 verbose request no auth needed
57 info attempt registry request try #1 at 6:48:27 AM
58 verbose etag "5ae024d3-1e2aa"
59 verbose lastModified Wed, 25 Apr 2018 6:48:51 GMT
60 http request GET https://registry.npmjs.org/gulp
61 http 200 https://registry.npmjs.org/bootstrap-sass
62 verbose headers { 'content-type': 'application/json; charset=UTF-8',
62 verbose headers   server: 'UploadServer',
62 verbose headers   'cache-control': 'max-age=300',
62 verbose headers   'last-modified': 'Sat, 17 Feb 2018 12:05:13 GMT',
62 verbose headers   etag: '"5a881a79-7173"',
62 verbose headers   'x-npm-region': 'US-West',
62 verbose headers   'content-encoding': 'gzip',
62 verbose headers   'content-length': '7553',
62 verbose headers   'accept-ranges': 'bytes',
62 verbose headers   date: 'Sun, 20 May 2018 06:48:27 GMT',
62 verbose headers   via: '1.1 varnish',
62 verbose headers   age: '9172',
62 verbose headers   connection: 'keep-alive',
62 verbose headers   'x-served-by': 'cache-lax8624-LAX',
62 verbose headers   'x-cache': 'HIT',
62 verbose headers   'x-cache-hits': '1',
62 verbose headers   'x-timer': 'S1526798908.617099,VS0,VE1',
62 verbose headers   vary: 'Accept-Encoding, Accept' }
63 silly get cb [ 200,
63 silly get   { 'content-type': 'application/json; charset=UTF-8',
63 silly get     server: 'UploadServer',
63 silly get     'cache-control': 'max-age=300',
63 silly get     'last-modified': 'Sat, 17 Feb 2018 12:05:13 GMT',
63 silly get     etag: '"5a881a79-7173"',
63 silly get     'x-npm-region': 'US-West',
63 silly get     'content-encoding': 'gzip',
63 silly get     'content-length': '7553',
63 silly get     'accept-ranges': 'bytes',
63 silly get     date: 'Sun, 20 May 2018 06:48:27 GMT',
63 silly get     via: '1.1 varnish',
63 silly get     age: '9172',
63 silly get     connection: 'keep-alive',
63 silly get     'x-served-by': 'cache-lax8624-LAX',
63 silly get     'x-cache': 'HIT',
63 silly get     'x-cache-hits': '1',
63 silly get     'x-timer': 'S1526798908.617099,VS0,VE1',
63 silly get     vary: 'Accept-Encoding, Accept' } ]
64 verbose get saving bootstrap-sass to /root/.npm/registry.npmjs.org/bootstrap-sass/.cache.json
65 verbose correctMkdir /root/.npm correctMkdir not in flight; initializing
66 http 304 https://registry.npmjs.org/gulp
67 verbose headers { date: 'Sun, 20 May 2018 06:48:27 GMT',
67 verbose headers   via: '1.1 varnish',
67 verbose headers   'cache-control': 'max-age=300',
67 verbose headers   etag: '"5ae024d3-1e2aa"',
67 verbose headers   age: '2084',
67 verbose headers   connection: 'keep-alive',
67 verbose headers   'x-served-by': 'cache-lax8632-LAX',
67 verbose headers   'x-cache': 'HIT',
67 verbose headers   'x-cache-hits': '1',
67 verbose headers   'x-timer': 'S1526798908.630384,VS0,VE1',
67 verbose headers   vary: 'Accept-Encoding, Accept' }
68 silly get cb [ 304,
68 silly get   { date: 'Sun, 20 May 2018 06:48:27 GMT',
68 silly get     via: '1.1 varnish',
68 silly get     'cache-control': 'max-age=300',
68 silly get     etag: '"5ae024d3-1e2aa"',
68 silly get     age: '2084',
68 silly get     connection: 'keep-alive',
68 silly get     'x-served-by': 'cache-lax8632-LAX',
68 silly get     'x-cache': 'HIT',
68 silly get     'x-cache-hits': '1',
68 silly get     'x-timer': 'S1526798908.630384,VS0,VE1',
68 silly get     vary: 'Accept-Encoding, Accept' } ]
69 verbose etag https://registry.npmjs.org/gulp from cache
70 verbose get saving gulp to /root/.npm/registry.npmjs.org/gulp/.cache.json
71 verbose correctMkdir /root/.npm correctMkdir already in flight; waiting
72 silly addNameRange number 2 { name: 'gulp', range: '>=3.8.8 <4.0.0', hasData: true }
73 silly addNameRange versions [ 'gulp',
73 silly addNameRange   [ '0.0.1',
73 silly addNameRange     '0.0.2',
73 silly addNameRange     '0.0.3',
73 silly addNameRange     '0.0.4',
73 silly addNameRange     '0.0.5',
73 silly addNameRange     '0.0.7',
73 silly addNameRange     '0.0.8',
73 silly addNameRange     '0.0.9',
73 silly addNameRange     '0.1.0',
73 silly addNameRange     '0.2.0',
73 silly addNameRange     '1.0.0',
73 silly addNameRange     '1.1.0',
73 silly addNameRange     '1.2.0',
73 silly addNameRange     '1.2.1',
73 silly addNameRange     '2.0.0',
73 silly addNameRange     '2.0.1',
73 silly addNameRange     '2.1.0',
73 silly addNameRange     '2.2.0',
73 silly addNameRange     '2.3.0',
73 silly addNameRange     '2.4.0',
73 silly addNameRange     '2.4.1',
73 silly addNameRange     '2.6.0',
73 silly addNameRange     '2.6.1',
73 silly addNameRange     '2.7.0',
73 silly addNameRange     '3.0.0',
73 silly addNameRange     '3.1.1',
73 silly addNameRange     '3.1.2',
73 silly addNameRange     '3.1.3',
73 silly addNameRange     '3.1.4',
73 silly addNameRange     '3.2.0',
73 silly addNameRange     '3.2.1',
73 silly addNameRange     '3.2.2',
73 silly addNameRange     '3.2.3',
73 silly addNameRange     '3.2.4',
73 silly addNameRange     '3.2.5',
73 silly addNameRange     '3.3.0',
73 silly addNameRange     '3.3.1',
73 silly addNameRange     '3.3.2',
73 silly addNameRange     '3.3.4',
73 silly addNameRange     '3.4.0',
73 silly addNameRange     '3.5.0',
73 silly addNameRange     '3.5.1',
73 silly addNameRange     '3.5.2',
73 silly addNameRange     '3.5.5',
73 silly addNameRange     '3.5.6',
73 silly addNameRange     '3.6.0',
73 silly addNameRange     '3.6.1',
73 silly addNameRange     '3.6.2',
73 silly addNameRange     '3.7.0',
73 silly addNameRange     '3.8.0',
73 silly addNameRange     '3.8.1',
73 silly addNameRange     '3.8.2',
73 silly addNameRange     '3.8.3',
73 silly addNameRange     '3.8.4',
73 silly addNameRange     '3.8.5',
73 silly addNameRange     '3.8.6',
73 silly addNameRange     '3.8.7',
73 silly addNameRange     '3.8.8',
73 silly addNameRange     '3.8.9',
73 silly addNameRange     '3.8.10',
73 silly addNameRange     '3.8.11',
73 silly addNameRange     '3.9.0',
73 silly addNameRange     '3.9.1',
73 silly addNameRange     '4.0.0' ] ]
74 silly addNamed gulp@3.9.1
75 verbose addNamed "3.9.1" is a plain semver version for gulp
76 silly addNameRange number 2 { name: 'bootstrap-sass',
76 silly addNameRange   range: '>=3.0.0 <4.0.0',
76 silly addNameRange   hasData: true }
77 silly addNameRange versions [ 'bootstrap-sass',
77 silly addNameRange   [ '2.3.2',
77 silly addNameRange     '3.1.1',
77 silly addNameRange     '3.2.0',
77 silly addNameRange     '3.3.0',
77 silly addNameRange     '3.3.1',
77 silly addNameRange     '3.3.2',
77 silly addNameRange     '3.3.3',
77 silly addNameRange     '3.3.4',
77 silly addNameRange     '3.3.5',
77 silly addNameRange     '3.3.6',
77 silly addNameRange     '3.3.7' ] ]
78 silly addNamed bootstrap-sass@3.3.7
79 verbose addNamed "3.3.7" is a plain semver version for bootstrap-sass
80 silly mapToRegistry name bootstrap-sass
81 silly mapToRegistry using default registry
82 silly mapToRegistry registry https://registry.npmjs.org/
83 silly mapToRegistry data Result {
83 silly mapToRegistry   raw: 'bootstrap-sass',
83 silly mapToRegistry   scope: null,
83 silly mapToRegistry   name: 'bootstrap-sass',
83 silly mapToRegistry   rawSpec: '',
83 silly mapToRegistry   spec: 'latest',
83 silly mapToRegistry   type: 'tag' }
84 silly mapToRegistry uri https://registry.npmjs.org/bootstrap-sass
85 verbose addRemoteTarball https://registry.npmjs.org/bootstrap-sass/-/bootstrap-sass-3.3.7.tgz not in flight; adding
86 verbose addRemoteTarball [ 'https://registry.npmjs.org/bootstrap-sass/-/bootstrap-sass-3.3.7.tgz',
86 verbose addRemoteTarball   '6596c7ab40f6637393323ab0bc80d064fc630498' ]
87 http 200 https://registry.npmjs.org/laravel-elixir
88 verbose headers { 'content-type': 'application/json; charset=UTF-8',
88 verbose headers   server: 'UploadServer',
88 verbose headers   'cache-control': 'max-age=300',
88 verbose headers   'last-modified': 'Mon, 9 Apr 2018 13:55:07 GMT',
88 verbose headers   etag: '"5acb70bb-522a8"',
88 verbose headers   'x-npm-region': 'US-West',
88 verbose headers   'content-encoding': 'gzip',
88 verbose headers   'content-length': '21276',
88 verbose headers   'accept-ranges': 'bytes',
88 verbose headers   date: 'Sun, 20 May 2018 06:48:27 GMT',
88 verbose headers   via: '1.1 varnish',
88 verbose headers   age: '9172',
88 verbose headers   connection: 'keep-alive',
88 verbose headers   'x-served-by': 'cache-lax8631-LAX',
88 verbose headers   'x-cache': 'HIT',
88 verbose headers   'x-cache-hits': '1',
88 verbose headers   'x-timer': 'S1526798908.618216,VS0,VE2',
88 verbose headers   vary: 'Accept-Encoding, Accept' }
89 silly get cb [ 200,
89 silly get   { 'content-type': 'application/json; charset=UTF-8',
89 silly get     server: 'UploadServer',
89 silly get     'cache-control': 'max-age=300',
89 silly get     'last-modified': 'Mon, 9 Apr 2018 13:55:07 GMT',
89 silly get     etag: '"5acb70bb-522a8"',
89 silly get     'x-npm-region': 'US-West',
89 silly get     'content-encoding': 'gzip',
89 silly get     'content-length': '21276',
89 silly get     'accept-ranges': 'bytes',
89 silly get     date: 'Sun, 20 May 2018 06:48:27 GMT',
89 silly get     via: '1.1 varnish',
89 silly get     age: '9172',
89 silly get     connection: 'keep-alive',
89 silly get     'x-served-by': 'cache-lax8631-LAX',
89 silly get     'x-cache': 'HIT',
89 silly get     'x-cache-hits': '1',
89 silly get     'x-timer': 'S1526798908.618216,VS0,VE2',
89 silly get     vary: 'Accept-Encoding, Accept' } ]
90 verbose get saving laravel-elixir to /root/.npm/registry.npmjs.org/laravel-elixir/.cache.json
91 verbose correctMkdir /root/.npm correctMkdir not in flight; initializing
92 silly cache afterAdd gulp@3.9.1
93 verbose afterAdd /root/.npm/gulp/3.9.1/package/package.json not in flight; writing
94 verbose correctMkdir /root/.npm correctMkdir not in flight; initializing
95 info retry fetch attempt 1 at 6:48:27 AM
96 info attempt registry request try #1 at 6:48:27 AM
97 http fetch GET https://registry.npmjs.org/bootstrap-sass/-/bootstrap-sass-3.3.7.tgz
98 verbose afterAdd /root/.npm/gulp/3.9.1/package/package.json written
99 silly addNameRange number 2 { name: 'laravel-elixir',
99 silly addNameRange   range: '>=4.0.0 <5.0.0',
99 silly addNameRange   hasData: true }
100 silly addNameRange versions [ 'laravel-elixir',
100 silly addNameRange   [ '0.1.0',
100 silly addNameRange     '0.1.1',
100 silly addNameRange     '0.1.2',
100 silly addNameRange     '0.1.3',
100 silly addNameRange     '0.1.4',
100 silly addNameRange     '0.1.5',
100 silly addNameRange     '0.1.6',
100 silly addNameRange     '0.1.7',
100 silly addNameRange     '0.1.8',
100 silly addNameRange     '0.1.9',
100 silly addNameRange     '0.2.0',
100 silly addNameRange     '0.2.1',
100 silly addNameRange     '0.2.2',
100 silly addNameRange     '0.3.0',
100 silly addNameRange     '0.3.1',
100 silly addNameRange     '0.3.2',
100 silly addNameRange     '0.3.3',
100 silly addNameRange     '0.3.4',
100 silly addNameRange     '0.3.5',
100 silly addNameRange     '0.3.7',
100 silly addNameRange     '0.3.8',
100 silly addNameRange     '0.3.9',
100 silly addNameRange     '0.3.10',
100 silly addNameRange     '0.3.11',
100 silly addNameRange     '0.4.0',
100 silly addNameRange     '0.4.1',
100 silly addNameRange     '0.4.3',
100 silly addNameRange     '0.4.4',
100 silly addNameRange     '0.4.5',
100 silly addNameRange     '0.4.6',
100 silly addNameRange     '0.4.7',
100 silly addNameRange     '0.4.8',
100 silly addNameRange     '0.4.9',
100 silly addNameRange     '0.4.10',
100 silly addNameRange     '0.4.11',
100 silly addNameRange     '0.4.12',
100 silly addNameRange     '0.4.13',
100 silly addNameRange     '0.4.14',
100 silly addNameRange     '0.4.15',
100 silly addNameRange     '0.4.16',
100 silly addNameRange     '0.4.17',
100 silly addNameRange     '0.5.0',
100 silly addNameRange     '0.5.1',
100 silly addNameRange     '0.5.2',
100 silly addNameRange     '0.5.3',
100 silly addNameRange     '0.5.4',
100 silly addNameRange     '0.5.5',
100 silly addNameRange     '0.5.6',
100 silly addNameRange     '0.5.7',
100 silly addNameRange     '0.5.8',
100 silly addNameRange     '0.6.0',
100 silly addNameRange     '0.6.1',
100 silly addNameRange     '0.6.2',
100 silly addNameRange     '0.6.3',
100 silly addNameRange     '0.6.4',
100 silly addNameRange     '0.6.5',
100 silly addNameRange     '0.6.6',
100 silly addNameRange     '0.7.0',
100 silly addNameRange     '0.6.7',
100 silly addNameRange     '0.6.8',
100 silly addNameRange     '0.7.1',
100 silly addNameRange     '0.7.3',
100 silly addNameRange     '0.7.4',
100 silly addNameRange     '0.7.5',
100 silly addNameRange     '0.7.6',
100 silly addNameRange     '0.7.7',
100 silly addNameRange     '0.7.8',
100 silly addNameRange     '0.7.9',
100 silly addNameRange     '0.7.10',
100 silly addNameRange     '0.7.11',
100 silly addNameRange     '0.8.0',
100 silly addNameRange     '0.8.1',
100 silly addNameRange     '0.9.1',
100 silly addNameRange     '0.10.0',
100 silly addNameRange     '0.10.1',
100 silly addNameRange     '0.10.2',
100 silly addNameRange     '0.10.3',
100 silly addNameRange     '0.10.4',
100 silly addNameRange     '0.10.5',
100 silly addNameRange     '0.10.6',
100 silly addNameRange     '0.10.7',
100 silly addNameRange     '0.11.0',
100 silly addNameRange     '0.12.0',
100 silly addNameRange     '0.12.2',
100 silly addNameRange     '0.12.3',
100 silly addNameRange     '0.13.0',
100 silly addNameRange     '0.13.1',
100 silly addNameRange     '0.13.2',
100 silly addNameRange     '0.13.3',
100 silly addNameRange     '0.14.0',
100 silly addNameRange     '0.14.2',
100 silly addNameRange     '0.14.3',
100 silly addNameRange     '0.14.4',
100 silly addNameRange     '0.15.0',
100 silly addNameRange     '0.15.1',
100 silly addNameRange     '0.15.2',
100 silly addNameRange     '0.15.3',
100 silly addNameRange     '0.15.4',
100 silly addNameRange     '0.15.5',
100 silly addNameRange     '0.16.0',
100 silly addNameRange     '0.16.1',
100 silly addNameRange     '0.16.2',
100 silly addNameRange     '0.16.3',
100 silly addNameRange     '0.18.0',
100 silly addNameRange     '0.18.1',
100 silly addNameRange     '0.18.2',
100 silly addNameRange     '0.18.3',
100 silly addNameRange     '0.18.4',
100 silly addNameRange     '0.18.5',
100 silly addNameRange     '0.18.6',
100 silly addNameRange     '0.18.7',
100 silly addNameRange     '1.0.1',
100 silly addNameRange     '1.0.2',
100 silly addNameRange     '1.0.3',
100 silly addNameRange     '2.0.0',
100 silly addNameRange     '2.0.1',
100 silly addNameRange     '2.1.0',
100 silly addNameRange     '2.1.1',
100 silly addNameRange     '2.1.2',
100 silly addNameRange     '2.2.0',
100 silly addNameRange     '2.2.1',
100 silly addNameRange     '2.2.2',
100 silly addNameRange     '2.2.3',
100 silly addNameRange     '2.2.4',
100 silly addNameRange     '2.3.0',
100 silly addNameRange     '2.3.1',
100 silly addNameRange     '2.3.2',
100 silly addNameRange     '2.3.3',
100 silly addNameRange     '2.3.4',
100 silly addNameRange     '2.3.5',
100 silly addNameRange     '2.3.6',
100 silly addNameRange     '2.3.8',
100 silly addNameRange     '2.3.9',
100 silly addNameRange     '2.3.10',
100 silly addNameRange     '2.3.11',
100 silly addNameRange     '2.3.12',
100 silly addNameRange     '2.3.13',
100 silly addNameRange     '3.0.0-beta1',
100 silly addNameRange     '3.0.0-beta2',
100 silly addNameRange     '3.0.0',
100 silly addNameRange     '3.0.1',
100 silly addNameRange     '3.0.3',
100 silly addNameRange     '3.0.4',
100 silly addNameRange     '3.0.5',
100 silly addNameRange     '3.0.6',
100 silly addNameRange     '3.0.7',
100 silly addNameRange     '3.1.0',
100 silly addNameRange     '3.1.1',
100 silly addNameRange     '3.1.2',
100 silly addNameRange     '3.2.1',
100 silly addNameRange     '3.2.2',
100 silly addNameRange     '3.2.3',
100 silly addNameRange     '3.2.4',
100 silly addNameRange     '3.2.5',
100 silly addNameRange     '3.2.6',
100 silly addNameRange     '3.2.7',
100 silly addNameRange     '3.2.8',
100 silly addNameRange     '3.3.0',
100 silly addNameRange     '3.3.1',
100 silly addNameRange     '3.3.2',
100 silly addNameRange     '3.3.3',
100 silly addNameRange     '3.3.4',
100 silly addNameRange     '3.3.5',
100 silly addNameRange     '3.4.0',
100 silly addNameRange     '3.4.1',
100 silly addNameRange     '3.4.2',
100 silly addNameRange     '4.0.0',
100 silly addNameRange     '3.4.3',
100 silly addNameRange     '4.0.1',
100 silly addNameRange     '4.0.3',
100 silly addNameRange     '4.0.4',
100 silly addNameRange     '4.1.0',
100 silly addNameRange     '4.1.1',
100 silly addNameRange     '4.1.2',
100 silly addNameRange     '4.2.0',
100 silly addNameRange     '4.2.1',
100 silly addNameRange     '5.0.0',
100 silly addNameRange     '6.0.0-0',
100 silly addNameRange     '6.0.0-1',
100 silly addNameRange     '6.0.0-2',
100 silly addNameRange     '6.0.0-3',
100 silly addNameRange     '6.0.0-4',
100 silly addNameRange     '6.0.0-5',
100 silly addNameRange     '6.0.0-6',
100 silly addNameRange     '6.0.0-7',
100 silly addNameRange     '6.0.0-8',
100 silly addNameRange     '6.0.0-9',
100 silly addNameRange     '6.0.0-10',
100 silly addNameRange     '6.0.0-11',
100 silly addNameRange     '6.0.0-13',
100 silly addNameRange     '6.0.0-14',
100 silly addNameRange     '6.0.0-15',
100 silly addNameRange     '6.0.0-16',
100 silly addNameRange     '6.0.0-17',
100 silly addNameRange     '6.0.0-18' ] ]
101 silly addNamed laravel-elixir@4.2.1
102 verbose addNamed "4.2.1" is a plain semver version for laravel-elixir
103 silly mapToRegistry name laravel-elixir
104 silly mapToRegistry using default registry
105 silly mapToRegistry registry https://registry.npmjs.org/
106 silly mapToRegistry data Result {
106 silly mapToRegistry   raw: 'laravel-elixir',
106 silly mapToRegistry   scope: null,
106 silly mapToRegistry   name: 'laravel-elixir',
106 silly mapToRegistry   rawSpec: '',
106 silly mapToRegistry   spec: 'latest',
106 silly mapToRegistry   type: 'tag' }
107 silly mapToRegistry uri https://registry.npmjs.org/laravel-elixir
108 verbose addRemoteTarball https://registry.npmjs.org/laravel-elixir/-/laravel-elixir-4.2.1.tgz not in flight; adding
109 verbose addRemoteTarball [ 'https://registry.npmjs.org/laravel-elixir/-/laravel-elixir-4.2.1.tgz',
109 verbose addRemoteTarball   '9c287f50b1ef24ccf205182d3b784f7bb5e9a08b' ]
110 info retry fetch attempt 1 at 6:48:27 AM
111 info attempt registry request try #1 at 6:48:27 AM
112 http fetch GET https://registry.npmjs.org/laravel-elixir/-/laravel-elixir-4.2.1.tgz
113 http fetch 200 https://registry.npmjs.org/bootstrap-sass/-/bootstrap-sass-3.3.7.tgz
114 http fetch 200 https://registry.npmjs.org/laravel-elixir/-/laravel-elixir-4.2.1.tgz
115 silly fetchAndShaCheck shasum 9c287f50b1ef24ccf205182d3b784f7bb5e9a08b
116 verbose addTmpTarball /tmp/npm-22212-73b0a635/registry.npmjs.org/laravel-elixir/-/laravel-elixir-4.2.1.tgz not in flight; adding
117 verbose addTmpTarball already have metadata; skipping unpack for laravel-elixir@4.2.1
118 verbose correctMkdir /root/.npm correctMkdir not in flight; initializing
119 silly cache afterAdd laravel-elixir@4.2.1
120 verbose afterAdd /root/.npm/laravel-elixir/4.2.1/package/package.json not in flight; writing
121 verbose correctMkdir /root/.npm correctMkdir not in flight; initializing
122 verbose afterAdd /root/.npm/laravel-elixir/4.2.1/package/package.json written
123 silly fetchAndShaCheck shasum 6596c7ab40f6637393323ab0bc80d064fc630498
124 verbose addTmpTarball /tmp/npm-22212-73b0a635/registry.npmjs.org/bootstrap-sass/-/bootstrap-sass-3.3.7.tgz not in flight; adding
125 verbose addTmpTarball already have metadata; skipping unpack for bootstrap-sass@3.3.7
126 verbose correctMkdir /root/.npm correctMkdir not in flight; initializing
127 silly cache afterAdd bootstrap-sass@3.3.7
128 verbose afterAdd /root/.npm/bootstrap-sass/3.3.7/package/package.json not in flight; writing
129 verbose correctMkdir /root/.npm correctMkdir not in flight; initializing
130 verbose afterAdd /root/.npm/bootstrap-sass/3.3.7/package/package.json written
131 silly install resolved [ { name: 'gulp',
131 silly install resolved     description: 'The streaming build system',
131 silly install resolved     version: '3.9.1',
131 silly install resolved     homepage: 'http://gulpjs.com',
131 silly install resolved     repository: { type: 'git', url: 'git+https://github.com/gulpjs/gulp.git' },
131 silly install resolved     author:
131 silly install resolved      { name: 'Fractal',
131 silly install resolved        email: 'contact@wearefractal.com',
131 silly install resolved        url: 'http://wearefractal.com/' },
131 silly install resolved     tags: [ 'build', 'stream', 'system', 'make', 'tool', 'asset', 'pipeline' ],
131 silly install resolved     files: [ 'index.js', 'lib', 'bin', 'completion', 'gulp.1' ],
131 silly install resolved     bin: { gulp: './bin/gulp.js' },
131 silly install resolved     man: [ 'gulp.1' ],
131 silly install resolved     dependencies:
131 silly install resolved      { archy: '^1.0.0',
131 silly install resolved        chalk: '^1.0.0',
131 silly install resolved        deprecated: '^0.0.1',
131 silly install resolved        'gulp-util': '^3.0.0',
131 silly install resolved        interpret: '^1.0.0',
131 silly install resolved        liftoff: '^2.1.0',
131 silly install resolved        minimist: '^1.1.0',
131 silly install resolved        orchestrator: '^0.3.0',
131 silly install resolved        'pretty-hrtime': '^1.0.0',
131 silly install resolved        semver: '^4.1.0',
131 silly install resolved        tildify: '^1.0.0',
131 silly install resolved        v8flags: '^2.0.2',
131 silly install resolved        'vinyl-fs': '^0.3.0' },
131 silly install resolved     devDependencies:
131 silly install resolved      { coveralls: '^2.7.0',
131 silly install resolved        eslint: '^1.7.3',
131 silly install resolved        'eslint-config-gulp': '^2.0.0',
131 silly install resolved        'graceful-fs': '^3.0.0',
131 silly install resolved        istanbul: '^0.3.0',
131 silly install resolved        jscs: '^2.3.5',
131 silly install resolved        'jscs-preset-gulp': '^1.0.0',
131 silly install resolved        'marked-man': '^0.1.3',
131 silly install resolved        mkdirp: '^0.5.0',
131 silly install resolved        mocha: '^2.0.1',
131 silly install resolved        'mocha-lcov-reporter': '^0.0.1',
131 silly install resolved        q: '^1.0.0',
131 silly install resolved        rimraf: '^2.2.5',
131 silly install resolved        should: '^5.0.1' },
131 silly install resolved     scripts:
131 silly install resolved      { prepublish: 'marked-man --name gulp docs/CLI.md > gulp.1',
131 silly install resolved        lint: 'eslint . && jscs *.js bin/ lib/ test/',
131 silly install resolved        pretest: 'npm run lint',
131 silly install resolved        test: 'mocha --reporter spec',
131 silly install resolved        coveralls: 'istanbul cover _mocha --report lcovonly -- -R spec && cat ./coverage/lcov.info | coveralls && rm -rf ./coverage' },
131 silly install resolved     engines: { node: '>= 0.9' },
131 silly install resolved     license: 'MIT',
131 silly install resolved     gitHead: '9c14e3a13a73a32e424f144d62566671b2fcdbed',
131 silly install resolved     bugs: { url: 'https://github.com/gulpjs/gulp/issues' },
131 silly install resolved     _id: 'gulp@3.9.1',
131 silly install resolved     _shasum: '571ce45928dd40af6514fc4011866016c13845b4',
131 silly install resolved     _from: 'gulp@>=3.8.8 <4.0.0',
131 silly install resolved     _npmVersion: '2.14.14',
131 silly install resolved     _nodeVersion: '0.10.41',
131 silly install resolved     _npmUser: { name: 'phated', email: 'blaine@iceddev.com' },
131 silly install resolved     maintainers: [ [Object], [Object] ],
131 silly install resolved     dist:
131 silly install resolved      { shasum: '571ce45928dd40af6514fc4011866016c13845b4',
131 silly install resolved        tarball: 'https://registry.npmjs.org/gulp/-/gulp-3.9.1.tgz' },
131 silly install resolved     _npmOperationalInternal:
131 silly install resolved      { host: 'packages-6-west.internal.npmjs.com',
131 silly install resolved        tmp: 'tmp/gulp-3.9.1.tgz_1454957415500_0.15343931876122952' },
131 silly install resolved     directories: {},
131 silly install resolved     _resolved: 'https://registry.npmjs.org/gulp/-/gulp-3.9.1.tgz',
131 silly install resolved     readme: 'ERROR: No README data found!' },
131 silly install resolved   { name: 'laravel-elixir',
131 silly install resolved     version: '4.2.1',
131 silly install resolved     description: 'Laravel Elixir Core',
131 silly install resolved     main: 'index.js',
131 silly install resolved     scripts: { test: 'echo "Error: no test specified" && exit 1' },
131 silly install resolved     repository:
131 silly install resolved      { type: 'git',
131 silly install resolved        url: 'git+https://github.com/laravel/elixir.git' },
131 silly install resolved     keywords: [ 'laravel', 'elixir', 'gulp' ],
131 silly install resolved     author: { name: 'Taylor Otwell, Jeffrey Way' },
131 silly install resolved     license: 'MIT',
131 silly install resolved     homepage: 'https://github.com/laravel/elixir',
131 silly install resolved     dependencies:
131 silly install resolved      { babelify: '^7.2.0',
131 silly install resolved        'browser-sync': '^2.7.10',
131 silly install resolved        browserify: '^11.2.0',
131 silly install resolved        del: '^1.2.0',
131 silly install resolved        glob: '^5.0.14',
131 silly install resolved        'gulp-autoprefixer': '^2.3.1',
131 silly install resolved        'gulp-babel': '^6.1.0',
131 silly install resolved        'babel-preset-es2015': '^6.1.0',
131 silly install resolved        'babel-preset-react': '^6.1.18',
131 silly install resolved        'gulp-batch': '^1.0.5',
131 silly install resolved        'gulp-coffee': '^2.3.1',
131 silly install resolved        'gulp-concat': '^2.6.0',
131 silly install resolved        'gulp-cssnano': '^2.0.0',
131 silly install resolved        'gulp-if': '^1.2.5',
131 silly install resolved        'gulp-less': '^3.0.3',
131 silly install resolved        'gulp-load-plugins': '^1.0.0-rc.1',
131 silly install resolved        'gulp-notify': '^2.2.0',
131 silly install resolved        'gulp-phpspec': '^0.5.3',
131 silly install resolved        'gulp-phpunit': '0.11.x',
131 silly install resolved        'gulp-rename': '^1.2.2',
131 silly install resolved        'gulp-rev': '^5.1.0',
131 silly install resolved        'gulp-rev-replace': '^0.4.2',
131 silly install resolved        'gulp-sass': '^2.0.3',
131 silly install resolved        'gulp-sourcemaps': '^1.5.2',
131 silly install resolved        'gulp-shell': '^0.5.0',
131 silly install resolved        'gulp-uglify': '^1.4.2',
131 silly install resolved        'gulp-util': '^3.0.6',
131 silly install resolved        'gulp-watch': '^4.2.4',
131 silly install resolved        'insert-css': '^0.2.0',
131 silly install resolved        'merge-stream': '^0.1.8',
131 silly install resolved        'parse-filepath': '^0.5.0',
131 silly install resolved        partialify: '^3.1.3',
131 silly install resolved        path: '^0.11.14',
131 silly install resolved        'require-dir': '^0.3.0',
131 silly install resolved        'run-sequence': '^1.1.1',
131 silly install resolved        underscore: '^1.8.3',
131 silly install resolved        'underscore-deep-extend': '0.0.5',
131 silly install resolved        'vinyl-buffer': '^1.0.0',
131 silly install resolved        'vinyl-paths': '^1.0.0',
131 silly install resolved        'vinyl-source-stream': '^1.1.0',
131 silly install resolved        watchify: '^3.2.3' },
131 silly install resolved     devDependencies:
131 silly install resolved      { gulp: '^3.8.8',
131 silly install resolved        chai: '^3.2.0',
131 silly install resolved        mocha: '^2.2.5',
131 silly install resolved        rimraf: '^2.4.2' },
131 silly install resolved     gitHead: '419232a11e95802e1cfdb13c44923664738a4f25',
131 silly install resolved     bugs: { url: 'https://github.com/laravel/elixir/issues' },
131 silly install resolved     _id: 'laravel-elixir@4.2.1',
131 silly install resolved     _shasum: '9c287f50b1ef24ccf205182d3b784f7bb5e9a08b',
131 silly install resolved     _from: 'laravel-elixir@>=4.0.0 <5.0.0',
131 silly install resolved     _npmVersion: '3.3.12',
131 silly install resolved     _nodeVersion: '5.1.0',
131 silly install resolved     _npmUser: { name: 'jeffreyway', email: 'jeffrey@laracasts.com' },
131 silly install resolved     maintainers: [ [Object] ],
131 silly install resolved     dist:
131 silly install resolved      { shasum: '9c287f50b1ef24ccf205182d3b784f7bb5e9a08b',
131 silly install resolved        tarball: 'https://registry.npmjs.org/laravel-elixir/-/laravel-elixir-4.2.1.tgz' },
131 silly install resolved     directories: {},
131 silly install resolved     _resolved: 'https://registry.npmjs.org/laravel-elixir/-/laravel-elixir-4.2.1.tgz' },
131 silly install resolved   { name: 'bootstrap-sass',
131 silly install resolved     version: '3.3.7',
131 silly install resolved     description: 'bootstrap-sass is a Sass-powered version of Bootstrap 3, ready to drop right into your Sass powered applications.',
131 silly install resolved     main: 'assets/javascripts/bootstrap.js',
131 silly install resolved     style: 'assets/stylesheets/_bootstrap.scss',
131 silly install resolved     sass: 'assets/stylesheets/_bootstrap.scss',
131 silly install resolved     files:
131 silly install resolved      [ 'assets',
131 silly install resolved        'eyeglass-exports.js',
131 silly install resolved        'CHANGELOG.md',
131 silly install resolved        'LICENSE',
131 silly install resolved        'README.md' ],
131 silly install resolved     repository: { type: 'git', url: 'git://github.com/twbs/bootstrap-sass.git' },
131 silly install resolved     keywords: [ 'bootstrap', 'sass', 'css', 'eyeglass-module' ],
131 silly install resolved     contributors: [ [Object], [Object], [Object], [Object] ],
131 silly install resolved     license: 'MIT',
131 silly install resolved     bugs: { url: 'https://github.com/twbs/bootstrap-sass/issues' },
131 silly install resolved     devDependencies: { 'node-sass': '^3.8.0', mincer: '~1.4.0', ejs: '~2.4.2' },
131 silly install resolved     eyeglass: { exports: 'eyeglass-exports.js', needs: '^0.7.1' },
131 silly install resolved     gitHead: '5d6b2ebba0c2a5885ce2f0e01e9218db3d3b5e47',
131 silly install resolved     homepage: 'https://github.com/twbs/bootstrap-sass#readme',
131 silly install resolved     _id: 'bootstrap-sass@3.3.7',
131 silly install resolved     scripts: {},
131 silly install resolved     _shasum: '6596c7ab40f6637393323ab0bc80d064fc630498',
131 silly install resolved     _from: 'bootstrap-sass@>=3.0.0 <4.0.0',
131 silly install resolved     _npmVersion: '3.10.3',
131 silly install resolved     _nodeVersion: '6.3.1',
131 silly install resolved     _npmUser: { name: 'glebm', email: 'glex.spb@gmail.com' },
131 silly install resolved     maintainers: [ [Object], [Object] ],
131 silly install resolved     dist:
131 silly install resolved      { shasum: '6596c7ab40f6637393323ab0bc80d064fc630498',
131 silly install resolved        tarball: 'https://registry.npmjs.org/bootstrap-sass/-/bootstrap-sass-3.3.7.tgz' },
131 silly install resolved     _npmOperationalInternal:
131 silly install resolved      { host: 'packages-16-east.internal.npmjs.com',
131 silly install resolved        tmp: 'tmp/bootstrap-sass-3.3.7.tgz_1469481083038_0.9325655004940927' },
131 silly install resolved     directories: {},
131 silly install resolved     _resolved: 'https://registry.npmjs.org/bootstrap-sass/-/bootstrap-sass-3.3.7.tgz' } ]
132 info install gulp@3.9.1 into /var/www/sites
133 info install laravel-elixir@4.2.1 into /var/www/sites
134 info install bootstrap-sass@3.3.7 into /var/www/sites
135 info installOne gulp@3.9.1
136 verbose installOne of gulp to /var/www/sites not in flight; installing
137 verbose correctMkdir /root/.npm/_locks correctMkdir not in flight; initializing
138 info installOne laravel-elixir@4.2.1
139 verbose installOne of laravel-elixir to /var/www/sites not in flight; installing
140 verbose correctMkdir /root/.npm/_locks correctMkdir already in flight; waiting
141 info installOne bootstrap-sass@3.3.7
142 verbose installOne of bootstrap-sass to /var/www/sites not in flight; installing
143 verbose correctMkdir /root/.npm/_locks correctMkdir already in flight; waiting
144 verbose lock using /root/.npm/_locks/gulp-5f92f0985231be6f.lock for /var/www/sites/node_modules/gulp
145 verbose lock using /root/.npm/_locks/laravel-elixir-4c98093c90ac5691.lock for /var/www/sites/node_modules/laravel-elixir
146 verbose lock using /root/.npm/_locks/bootstrap-sass-c573233abfb2a11f.lock for /var/www/sites/node_modules/bootstrap-sass
147 silly install write writing gulp 3.9.1 to /var/www/sites/node_modules/gulp
148 silly install write writing laravel-elixir 4.2.1 to /var/www/sites/node_modules/laravel-elixir
149 silly install write writing bootstrap-sass 3.3.7 to /var/www/sites/node_modules/bootstrap-sass
150 verbose unbuild node_modules/laravel-elixir
151 verbose unbuild node_modules/bootstrap-sass
152 verbose unbuild node_modules/gulp
153 silly gentlyRm /var/www/sites/node_modules/laravel-elixir is being purged from base /var/www/sites
154 verbose gentlyRm don't care about contents; nuking /var/www/sites/node_modules/laravel-elixir
155 silly gentlyRm /var/www/sites/node_modules/bootstrap-sass is being purged from base /var/www/sites
156 verbose gentlyRm don't care about contents; nuking /var/www/sites/node_modules/bootstrap-sass
157 silly gentlyRm /var/www/sites/node_modules/gulp is being purged from base /var/www/sites
158 verbose gentlyRm don't care about contents; nuking /var/www/sites/node_modules/gulp
159 verbose tar unpack /root/.npm/laravel-elixir/4.2.1/package.tgz
160 verbose tar unpacking to /var/www/sites/node_modules/laravel-elixir
161 silly gentlyRm /var/www/sites/node_modules/laravel-elixir is being purged
162 verbose gentlyRm don't care about contents; nuking /var/www/sites/node_modules/laravel-elixir
163 verbose tar unpack /root/.npm/bootstrap-sass/3.3.7/package.tgz
164 verbose tar unpacking to /var/www/sites/node_modules/bootstrap-sass
165 silly gentlyRm /var/www/sites/node_modules/bootstrap-sass is being purged
166 verbose gentlyRm don't care about contents; nuking /var/www/sites/node_modules/bootstrap-sass
167 verbose tar unpack /root/.npm/gulp/3.9.1/package.tgz
168 verbose tar unpacking to /var/www/sites/node_modules/gulp
169 silly gentlyRm /var/www/sites/node_modules/gulp is being purged
170 verbose gentlyRm don't care about contents; nuking /var/www/sites/node_modules/gulp
171 silly gunzTarPerm modes [ '775', '664' ]
172 silly gunzTarPerm modes [ '775', '664' ]
173 silly gunzTarPerm modes [ '775', '664' ]
174 silly gunzTarPerm extractEntry package.json
175 silly gunzTarPerm modified mode [ 'package.json', 420, 436 ]
176 silly gunzTarPerm extractEntry package.json
177 silly gunzTarPerm modified mode [ 'package.json', 420, 436 ]
178 silly gunzTarPerm extractEntry package.json
179 silly gunzTarPerm modified mode [ 'package.json', 420, 436 ]
180 silly gunzTarPerm extractEntry .npmignore
181 silly gunzTarPerm modified mode [ '.npmignore', 420, 436 ]
182 silly gunzTarPerm extractEntry Config.js
183 silly gunzTarPerm modified mode [ 'Config.js', 420, 436 ]
184 silly gunzTarPerm extractEntry README.md
185 silly gunzTarPerm modified mode [ 'README.md', 420, 436 ]
186 silly gunzTarPerm extractEntry LICENSE
187 silly gunzTarPerm modified mode [ 'LICENSE', 420, 436 ]
188 silly gunzTarPerm extractEntry README.md
189 silly gunzTarPerm modified mode [ 'README.md', 420, 436 ]
190 silly gunzTarPerm extractEntry LICENSE
191 silly gunzTarPerm modified mode [ 'LICENSE', 420, 436 ]
192 error tar.unpack untar error /root/.npm/bootstrap-sass/3.3.7/package.tgz
193 error tar.unpack untar error /root/.npm/gulp/3.9.1/package.tgz
194 error tar.unpack untar error /root/.npm/laravel-elixir/4.2.1/package.tgz
195 verbose unlock done using /root/.npm/_locks/bootstrap-sass-c573233abfb2a11f.lock for /var/www/sites/node_modules/bootstrap-sass
196 verbose unlock done using /root/.npm/_locks/gulp-5f92f0985231be6f.lock for /var/www/sites/node_modules/gulp
197 verbose unlock done using /root/.npm/_locks/laravel-elixir-4c98093c90ac5691.lock for /var/www/sites/node_modules/laravel-elixir
198 verbose fstream_path /var/www/sites/node_modules/bootstrap-sass/package.json
199 verbose fstream_type File
200 verbose fstream_class FileWriter
201 verbose fstream_finish_call chown
202 verbose stack Error: EPERM: operation not permitted, chown '/var/www/sites/node_modules/bootstrap-sass/package.json'
202 verbose stack     at Error (native)
203 verbose fstream_stack /usr/lib/node_modules/npm/node_modules/fstream/lib/writer.js:306:21
203 verbose fstream_stack /usr/lib/node_modules/npm/node_modules/graceful-fs/polyfills.js:233:18
203 verbose fstream_stack FSReqWrap.oncomplete (fs.js:82:15)
204 verbose cwd /var/www/sites
205 error Linux 4.4.0-87-generic
206 error argv "/usr/bin/node" "/usr/bin/npm" "install" "--unsafe-perm"
207 error node v4.9.1
208 error npm  v2.15.11
209 error path /var/www/sites/node_modules/bootstrap-sass/package.json
210 error code EPERM
211 error errno -1
212 error syscall chown
213 error Error: EPERM: operation not permitted, chown '/var/www/sites/node_modules/bootstrap-sass/package.json'
213 error     at Error (native)
213 error  { [Error: EPERM: operation not permitted, chown '/var/www/sites/node_modules/bootstrap-sass/package.json']
213 error   errno: -1,
213 error   code: 'EPERM',
213 error   syscall: 'chown',
213 error   path: '/var/www/sites/node_modules/bootstrap-sass/package.json',
213 error   fstream_finish_call: 'chown',
213 error   fstream_type: 'File',
213 error   fstream_path: '/var/www/sites/node_modules/bootstrap-sass/package.json',
213 error   fstream_class: 'FileWriter',
213 error   fstream_stack:
213 error    [ '/usr/lib/node_modules/npm/node_modules/fstream/lib/writer.js:306:21',
213 error      '/usr/lib/node_modules/npm/node_modules/graceful-fs/polyfills.js:233:18',
213 error      'FSReqWrap.oncomplete (fs.js:82:15)' ] }
214 error Please try running this command again as root/Administrator.
215 verbose exit [ -1, true ]
216 verbose unbuild node_modules/bootstrap-sass
217 info preuninstall bootstrap-sass@3.3.7
218 info uninstall bootstrap-sass@3.3.7
219 verbose unbuild rmStuff bootstrap-sass@3.3.7 from /var/www/sites/node_modules
220 info postuninstall bootstrap-sass@3.3.7
221 silly gentlyRm /var/www/sites/node_modules/bootstrap-sass is being purged from base /var/www/sites
222 verbose gentlyRm don't care about contents; nuking /var/www/sites/node_modules/bootstrap-sass
223 silly vacuum-fs purging /var/www/sites/node_modules/bootstrap-sass
224 silly vacuum-fs quitting because other entries in /var/www/sites/node_modules
225 verbose unbuild node_modules/gulp
226 info preuninstall gulp@3.9.1
227 info uninstall gulp@3.9.1
228 verbose unbuild rmStuff gulp@3.9.1 from /var/www/sites/node_modules
229 silly gentlyRm /var/www/sites/node_modules/.bin/gulp is being gently removed
230 silly gentlyRm verifying /var/www/sites is an npm working directory
231 silly gentlyRm containing path /var/www/sites is under npm's control, in /var/www/sites
232 silly gentlyRm deletion target /var/www/sites/node_modules/.bin/gulp is under /var/www/sites
233 verbose gentlyRm vacuuming from /var/www/sites/node_modules/.bin/gulp up to /var/www/sites
234 info postuninstall gulp@3.9.1
235 silly gentlyRm /var/www/sites/node_modules/gulp is being purged from base /var/www/sites
236 verbose gentlyRm don't care about contents; nuking /var/www/sites/node_modules/gulp
237 silly vacuum-fs purging /var/www/sites/node_modules/gulp
238 silly vacuum-fs quitting because other entries in /var/www/sites/node_modules
239 verbose unbuild node_modules/laravel-elixir
240 info preuninstall laravel-elixir@4.2.1
241 info uninstall laravel-elixir@4.2.1
242 verbose unbuild rmStuff laravel-elixir@4.2.1 from /var/www/sites/node_modules
243 info postuninstall laravel-elixir@4.2.1
244 silly gentlyRm /var/www/sites/node_modules/laravel-elixir is being purged from base /var/www/sites
245 verbose gentlyRm don't care about contents; nuking /var/www/sites/node_modules/laravel-elixir
246 silly vacuum-fs purging /var/www/sites/node_modules/laravel-elixir
247 silly vacuum-fs removing /var/www/sites/node_modules
248 silly vacuum-fs finished vacuuming up to /var/www/sites
